<?xml version="1.0" encoding="UTF-8"?>
<coverage generated="1616353960409" clover="3.2.0">
  <project timestamp="1616353960409" name="All files">
    <metrics statements="136" coveredstatements="136" conditionals="69" coveredconditionals="69" methods="23" coveredmethods="23" elements="228" coveredelements="228" complexity="0" loc="136" ncloc="136" packages="3" files="10" classes="10"/>
    <package name="entities">
      <metrics statements="7" coveredstatements="7" conditionals="2" coveredconditionals="2" methods="2" coveredmethods="2"/>
      <file name="CarInsurance.js" path="C:\Users\josue\Desktop\coding-test-comparaonline\src\entities\CarInsurance.js">
        <metrics statements="7" coveredstatements="7" conditionals="2" coveredconditionals="2" methods="2" coveredmethods="2"/>
        <line num="3" count="3" type="cond" truecount="2" falsecount="0"/>
        <line num="4" count="1" type="stmt"/>
        <line num="6" count="2" type="stmt"/>
        <line num="10" count="1" type="stmt"/>
        <line num="11" count="2" type="stmt"/>
        <line num="13" count="1" type="stmt"/>
        <line num="17" count="1" type="stmt"/>
      </file>
    </package>
    <package name="factories">
      <metrics statements="14" coveredstatements="14" conditionals="11" coveredconditionals="11" methods="1" coveredmethods="1"/>
      <file name="ProductFactory.js" path="C:\Users\josue\Desktop\coding-test-comparaonline\src\factories\ProductFactory.js">
        <metrics statements="14" coveredstatements="14" conditionals="11" coveredconditionals="11" methods="1" coveredmethods="1"/>
        <line num="8" count="9" type="stmt"/>
        <line num="12" count="46" type="cond" truecount="2" falsecount="0"/>
        <line num="13" count="1" type="stmt"/>
        <line num="15" count="45" type="cond" truecount="2" falsecount="0"/>
        <line num="16" count="1" type="stmt"/>
        <line num="18" count="44" type="cond" truecount="7" falsecount="0"/>
        <line num="20" count="7" type="stmt"/>
        <line num="22" count="9" type="stmt"/>
        <line num="24" count="7" type="stmt"/>
        <line num="26" count="5" type="stmt"/>
        <line num="28" count="8" type="stmt"/>
        <line num="30" count="7" type="stmt"/>
        <line num="32" count="1" type="stmt"/>
        <line num="37" count="9" type="stmt"/>
      </file>
    </package>
    <package name="products">
      <metrics statements="115" coveredstatements="115" conditionals="56" coveredconditionals="56" methods="20" coveredmethods="20"/>
      <file name="FullCoverageProduct.js" path="C:\Users\josue\Desktop\coding-test-comparaonline\src\products\FullCoverageProduct.js">
        <metrics statements="14" coveredstatements="14" conditionals="8" coveredconditionals="8" methods="1" coveredmethods="1"/>
        <line num="1" count="9" type="stmt"/>
        <line num="5" count="4" type="cond" truecount="4" falsecount="0"/>
        <line num="6" count="1" type="stmt"/>
        <line num="7" count="1" type="stmt"/>
        <line num="9" count="3" type="cond" truecount="2" falsecount="0"/>
        <line num="10" count="1" type="stmt"/>
        <line num="11" count="1" type="stmt"/>
        <line num="12" count="1" type="stmt"/>
        <line num="14" count="2" type="cond" truecount="2" falsecount="0"/>
        <line num="15" count="1" type="stmt"/>
        <line num="16" count="1" type="stmt"/>
        <line num="17" count="1" type="stmt"/>
        <line num="19" count="1" type="stmt"/>
        <line num="22" count="9" type="stmt"/>
      </file>
      <file name="LowCoverageProduct.js" path="C:\Users\josue\Desktop\coding-test-comparaonline\src\products\LowCoverageProduct.js">
        <metrics statements="14" coveredstatements="14" conditionals="8" coveredconditionals="8" methods="1" coveredmethods="1"/>
        <line num="1" count="9" type="stmt"/>
        <line num="5" count="4" type="cond" truecount="4" falsecount="0"/>
        <line num="6" count="1" type="stmt"/>
        <line num="7" count="1" type="stmt"/>
        <line num="9" count="3" type="cond" truecount="2" falsecount="0"/>
        <line num="10" count="1" type="stmt"/>
        <line num="11" count="1" type="stmt"/>
        <line num="12" count="1" type="stmt"/>
        <line num="14" count="2" type="cond" truecount="2" falsecount="0"/>
        <line num="15" count="1" type="stmt"/>
        <line num="16" count="1" type="stmt"/>
        <line num="17" count="1" type="stmt"/>
        <line num="19" count="1" type="stmt"/>
        <line num="22" count="9" type="stmt"/>
      </file>
      <file name="MediumCoverageProduct.js" path="C:\Users\josue\Desktop\coding-test-comparaonline\src\products\MediumCoverageProduct.js">
        <metrics statements="14" coveredstatements="14" conditionals="8" coveredconditionals="8" methods="1" coveredmethods="1"/>
        <line num="1" count="9" type="stmt"/>
        <line num="5" count="6" type="cond" truecount="4" falsecount="0"/>
        <line num="6" count="1" type="stmt"/>
        <line num="7" count="1" type="stmt"/>
        <line num="9" count="5" type="cond" truecount="2" falsecount="0"/>
        <line num="10" count="1" type="stmt"/>
        <line num="11" count="1" type="stmt"/>
        <line num="12" count="1" type="stmt"/>
        <line num="14" count="4" type="cond" truecount="2" falsecount="0"/>
        <line num="15" count="3" type="stmt"/>
        <line num="16" count="3" type="stmt"/>
        <line num="17" count="3" type="stmt"/>
        <line num="19" count="1" type="stmt"/>
        <line num="22" count="9" type="stmt"/>
      </file>
      <file name="MegaCoverageProduct.js" path="C:\Users\josue\Desktop\coding-test-comparaonline\src\products\MegaCoverageProduct.js">
        <metrics statements="12" coveredstatements="12" conditionals="4" coveredconditionals="4" methods="7" coveredmethods="7"/>
        <line num="1" count="9" type="stmt"/>
        <line num="5" count="7" type="stmt"/>
        <line num="9" count="8" type="stmt"/>
        <line num="13" count="8" type="cond" truecount="2" falsecount="0"/>
        <line num="14" count="1" type="stmt"/>
        <line num="19" count="7" type="cond" truecount="2" falsecount="0"/>
        <line num="20" count="1" type="stmt"/>
        <line num="25" count="3" type="stmt"/>
        <line num="26" count="3" type="stmt"/>
        <line num="27" count="3" type="stmt"/>
        <line num="31" count="2" type="stmt"/>
        <line num="38" count="9" type="stmt"/>
      </file>
      <file name="Product.js" path="C:\Users\josue\Desktop\coding-test-comparaonline\src\products\Product.js">
        <metrics statements="21" coveredstatements="21" conditionals="8" coveredconditionals="8" methods="8" coveredmethods="8"/>
        <line num="3" count="46" type="stmt"/>
        <line num="4" count="40" type="stmt"/>
        <line num="5" count="34" type="stmt"/>
        <line num="6" count="34" type="stmt"/>
        <line num="7" count="34" type="stmt"/>
        <line num="11" count="94" type="stmt"/>
        <line num="15" count="104" type="stmt"/>
        <line num="19" count="47" type="cond" truecount="2" falsecount="0"/>
        <line num="20" count="1" type="stmt"/>
        <line num="21" count="1" type="stmt"/>
        <line num="23" count="46" type="cond" truecount="2" falsecount="0"/>
        <line num="24" count="1" type="stmt"/>
        <line num="25" count="1" type="stmt"/>
        <line num="27" count="45" type="stmt"/>
        <line num="31" count="58" type="stmt"/>
        <line num="35" count="41" type="cond" truecount="2" falsecount="0"/>
        <line num="36" count="5" type="stmt"/>
        <line num="41" count="36" type="cond" truecount="2" falsecount="0"/>
        <line num="42" count="5" type="stmt"/>
        <line num="47" count="1" type="stmt"/>
        <line num="51" count="9" type="stmt"/>
      </file>
      <file name="SpecialFullCoverageProduct.js" path="C:\Users\josue\Desktop\coding-test-comparaonline\src\products\SpecialFullCoverageProduct.js">
        <metrics statements="19" coveredstatements="19" conditionals="12" coveredconditionals="12" methods="1" coveredmethods="1"/>
        <line num="1" count="9" type="stmt"/>
        <line num="5" count="5" type="cond" truecount="2" falsecount="0"/>
        <line num="6" count="1" type="stmt"/>
        <line num="7" count="1" type="stmt"/>
        <line num="8" count="1" type="stmt"/>
        <line num="10" count="4" type="cond" truecount="2" falsecount="0"/>
        <line num="11" count="1" type="stmt"/>
        <line num="12" count="1" type="stmt"/>
        <line num="14" count="3" type="cond" truecount="4" falsecount="0"/>
        <line num="15" count="1" type="stmt"/>
        <line num="16" count="1" type="stmt"/>
        <line num="17" count="1" type="stmt"/>
        <line num="19" count="2" type="cond" truecount="4" falsecount="0"/>
        <line num="20" count="1" type="stmt"/>
        <line num="21" count="1" type="stmt"/>
        <line num="22" count="1" type="stmt"/>
        <line num="24" count="1" type="stmt"/>
        <line num="25" count="1" type="stmt"/>
        <line num="28" count="9" type="stmt"/>
      </file>
      <file name="SuperSaleProduct.js" path="C:\Users\josue\Desktop\coding-test-comparaonline\src\products\SuperSaleProduct.js">
        <metrics statements="14" coveredstatements="14" conditionals="8" coveredconditionals="8" methods="1" coveredmethods="1"/>
        <line num="1" count="9" type="stmt"/>
        <line num="5" count="4" type="cond" truecount="4" falsecount="0"/>
        <line num="6" count="1" type="stmt"/>
        <line num="7" count="1" type="stmt"/>
        <line num="9" count="3" type="cond" truecount="2" falsecount="0"/>
        <line num="10" count="1" type="stmt"/>
        <line num="11" count="1" type="stmt"/>
        <line num="12" count="1" type="stmt"/>
        <line num="14" count="2" type="cond" truecount="2" falsecount="0"/>
        <line num="15" count="1" type="stmt"/>
        <line num="16" count="1" type="stmt"/>
        <line num="17" count="1" type="stmt"/>
        <line num="19" count="1" type="stmt"/>
        <line num="22" count="9" type="stmt"/>
      </file>
      <file name="index.js" path="C:\Users\josue\Desktop\coding-test-comparaonline\src\products\index.js">
        <metrics statements="7" coveredstatements="7" conditionals="0" coveredconditionals="0" methods="0" coveredmethods="0"/>
        <line num="1" count="9" type="stmt"/>
        <line num="2" count="9" type="stmt"/>
        <line num="3" count="9" type="stmt"/>
        <line num="4" count="9" type="stmt"/>
        <line num="5" count="9" type="stmt"/>
        <line num="6" count="9" type="stmt"/>
        <line num="8" count="9" type="stmt"/>
      </file>
    </package>
  </project>
</coverage>
