TN:
SF:src\entities\CarInsurance.js
FN:2,(anonymous_0)
FN:9,(anonymous_1)
FNF:2
FNH:2
FNDA:3,(anonymous_0)
FNDA:1,(anonymous_1)
DA:3,3
DA:4,1
DA:6,2
DA:10,1
DA:11,2
DA:13,1
DA:17,1
LF:7
LH:7
BRDA:3,0,0,1
BRDA:3,0,1,2
BRF:2
BRH:2
end_of_record
TN:
SF:src\factories\ProductFactory.js
FN:11,(anonymous_0)
FNF:1
FNH:1
FNDA:46,(anonymous_0)
DA:8,9
DA:12,46
DA:13,1
DA:15,45
DA:16,1
DA:18,44
DA:20,7
DA:22,9
DA:24,7
DA:26,5
DA:28,8
DA:30,7
DA:32,1
DA:37,9
LF:14
LH:14
BRDA:12,0,0,1
BRDA:12,0,1,45
BRDA:15,1,0,1
BRDA:15,1,1,44
BRDA:18,2,0,7
BRDA:18,2,1,9
BRDA:18,2,2,7
BRDA:18,2,3,5
BRDA:18,2,4,8
BRDA:18,2,5,7
BRDA:18,2,6,1
BRF:11
BRH:11
end_of_record
TN:
SF:src\products\FullCoverageProduct.js
FN:4,(anonymous_0)
FNF:1
FNH:1
FNDA:4,(anonymous_0)
DA:1,9
DA:5,4
DA:6,1
DA:7,1
DA:9,3
DA:10,1
DA:11,1
DA:12,1
DA:14,2
DA:15,1
DA:16,1
DA:17,1
DA:19,1
DA:22,9
LF:14
LH:14
BRDA:5,0,0,1
BRDA:5,0,1,3
BRDA:5,1,0,4
BRDA:5,1,1,2
BRDA:9,2,0,1
BRDA:9,2,1,2
BRDA:14,3,0,1
BRDA:14,3,1,1
BRF:8
BRH:8
end_of_record
TN:
SF:src\products\LowCoverageProduct.js
FN:4,(anonymous_0)
FNF:1
FNH:1
FNDA:4,(anonymous_0)
DA:1,9
DA:5,4
DA:6,1
DA:7,1
DA:9,3
DA:10,1
DA:11,1
DA:12,1
DA:14,2
DA:15,1
DA:16,1
DA:17,1
DA:19,1
DA:22,9
LF:14
LH:14
BRDA:5,0,0,1
BRDA:5,0,1,3
BRDA:5,1,0,4
BRDA:5,1,1,2
BRDA:9,2,0,1
BRDA:9,2,1,2
BRDA:14,3,0,1
BRDA:14,3,1,1
BRF:8
BRH:8
end_of_record
TN:
SF:src\products\MediumCoverageProduct.js
FN:4,(anonymous_0)
FNF:1
FNH:1
FNDA:6,(anonymous_0)
DA:1,9
DA:5,6
DA:6,1
DA:7,1
DA:9,5
DA:10,1
DA:11,1
DA:12,1
DA:14,4
DA:15,3
DA:16,3
DA:17,3
DA:19,1
DA:22,9
LF:14
LH:14
BRDA:5,0,0,1
BRDA:5,0,1,5
BRDA:5,1,0,6
BRDA:5,1,1,2
BRDA:9,2,0,1
BRDA:9,2,1,4
BRDA:14,3,0,3
BRDA:14,3,1,1
BRF:8
BRH:8
end_of_record
TN:
SF:src\products\MegaCoverageProduct.js
FN:4,(anonymous_0)
FN:8,(anonymous_1)
FN:12,(anonymous_2)
FN:18,(anonymous_3)
FN:24,(anonymous_4)
FN:30,(anonymous_5)
FN:34,(anonymous_6)
FNF:7
FNH:7
FNDA:7,(anonymous_0)
FNDA:8,(anonymous_1)
FNDA:8,(anonymous_2)
FNDA:7,(anonymous_3)
FNDA:3,(anonymous_4)
FNDA:2,(anonymous_5)
FNDA:2,(anonymous_6)
DA:1,9
DA:5,7
DA:9,8
DA:13,8
DA:14,1
DA:19,7
DA:20,1
DA:25,3
DA:26,3
DA:27,3
DA:31,2
DA:38,9
LF:12
LH:12
BRDA:13,0,0,1
BRDA:13,0,1,7
BRDA:19,1,0,1
BRDA:19,1,1,6
BRF:4
BRH:4
end_of_record
TN:
SF:src\products\Product.js
FN:2,(anonymous_0)
FN:10,(anonymous_1)
FN:14,(anonymous_2)
FN:18,(anonymous_3)
FN:30,(anonymous_4)
FN:34,(anonymous_5)
FN:40,(anonymous_6)
FN:46,(anonymous_7)
FNF:8
FNH:8
FNDA:46,(anonymous_0)
FNDA:94,(anonymous_1)
FNDA:104,(anonymous_2)
FNDA:47,(anonymous_3)
FNDA:58,(anonymous_4)
FNDA:41,(anonymous_5)
FNDA:36,(anonymous_6)
FNDA:1,(anonymous_7)
DA:3,46
DA:4,40
DA:5,34
DA:6,34
DA:7,34
DA:11,94
DA:15,104
DA:19,47
DA:20,1
DA:21,1
DA:23,46
DA:24,1
DA:25,1
DA:27,45
DA:31,58
DA:35,41
DA:36,5
DA:41,36
DA:42,5
DA:47,1
DA:51,9
LF:21
LH:21
BRDA:19,0,0,1
BRDA:19,0,1,46
BRDA:23,1,0,1
BRDA:23,1,1,45
BRDA:35,2,0,5
BRDA:35,2,1,36
BRDA:41,3,0,5
BRDA:41,3,1,31
BRF:8
BRH:8
end_of_record
TN:
SF:src\products\SpecialFullCoverageProduct.js
FN:4,(anonymous_0)
FNF:1
FNH:1
FNDA:5,(anonymous_0)
DA:1,9
DA:5,5
DA:6,1
DA:7,1
DA:8,1
DA:10,4
DA:11,1
DA:12,1
DA:14,3
DA:15,1
DA:16,1
DA:17,1
DA:19,2
DA:20,1
DA:21,1
DA:22,1
DA:24,1
DA:25,1
DA:28,9
LF:19
LH:19
BRDA:5,0,0,1
BRDA:5,0,1,4
BRDA:10,1,0,1
BRDA:10,1,1,3
BRDA:14,2,0,1
BRDA:14,2,1,2
BRDA:14,3,0,3
BRDA:14,3,1,2
BRDA:19,4,0,1
BRDA:19,4,1,1
BRDA:19,5,0,2
BRDA:19,5,1,1
BRF:12
BRH:12
end_of_record
TN:
SF:src\products\SuperSaleProduct.js
FN:4,(anonymous_0)
FNF:1
FNH:1
FNDA:4,(anonymous_0)
DA:1,9
DA:5,4
DA:6,1
DA:7,1
DA:9,3
DA:10,1
DA:11,1
DA:12,1
DA:14,2
DA:15,1
DA:16,1
DA:17,1
DA:19,1
DA:22,9
LF:14
LH:14
BRDA:5,0,0,1
BRDA:5,0,1,3
BRDA:5,1,0,4
BRDA:5,1,1,2
BRDA:9,2,0,1
BRDA:9,2,1,2
BRDA:14,3,0,1
BRDA:14,3,1,1
BRF:8
BRH:8
end_of_record
TN:
SF:src\products\index.js
FNF:0
FNH:0
DA:1,9
DA:2,9
DA:3,9
DA:4,9
DA:5,9
DA:6,9
DA:8,9
LF:7
LH:7
BRF:0
BRH:0
end_of_record
